app/build/intermediates/manifest_merge_blame_file/release/manifest-merger-blame-release-report.txt
1<?xml version="1.0" encoding="utf-8"?>
2<manifest xmlns:android="http://schemas.android.com/apk/res/android"
3    package="com.mcal.studio"
4    android:versionCode="1"
5    android:versionName="1.0" >
6
7    <uses-sdk
8        android:minSdkVersion="23"
8-->src\main\AndroidManifest.xml
9        android:targetSdkVersion="28" />
9-->src\main\AndroidManifest.xml
10
11    <uses-permission android:name="android.permission.READ_EXTERNAL_STORAGE" />
11-->src\main\AndroidManifest.xml:7:5-79
11-->src\main\AndroidManifest.xml:7:22-77
12    <uses-permission android:name="android.permission.WRITE_EXTERNAL_STORAGE" />
12-->src\main\AndroidManifest.xml:8:5-80
12-->src\main\AndroidManifest.xml:8:22-78
13    <uses-permission android:name="android.permission.WAKE_LOCK" />
13-->src\main\AndroidManifest.xml:9:5-67
13-->src\main\AndroidManifest.xml:9:22-65
14
15    <application
15-->src\main\AndroidManifest.xml:11:2-35:16
16        android:name="com.mcal.studio.App"
16-->src\main\AndroidManifest.xml:12:3-22
17        android:allowBackup="true"
17-->src\main\AndroidManifest.xml:13:9-35
18        android:appComponentFactory="androidx.core.app.CoreComponentFactory"
18-->[androidx.core:core:1.5.0] AndroidManifest.xml:24:18-86
19        android:extractNativeLibs="false"
20        android:icon="@mipmap/ic_launcher"
20-->src\main\AndroidManifest.xml:14:9-43
21        android:label="@string/app_name"
21-->src\main\AndroidManifest.xml:15:9-41
22        android:largeHeap="true"
22-->src\main\AndroidManifest.xml:17:3-27
23        android:requestLegacyExternalStorage="true"
23-->src\main\AndroidManifest.xml:18:3-46
24        android:resizeableActivity="true"
24-->src\main\AndroidManifest.xml:19:3-38
25        android:supportsRtl="true"
25-->src\main\AndroidManifest.xml:20:3-29
26        android:testOnly="true"
27        android:theme="@style/AppTheme"
27-->src\main\AndroidManifest.xml:16:9-40
28        android:usesCleartextTraffic="true" >
28-->src\main\AndroidManifest.xml:21:3-38
29        <activity
29-->src\main\AndroidManifest.xml:24:3-33:14
30            android:name="com.mcal.studio.activitys.MainActivity"
30-->src\main\AndroidManifest.xml:25:13-51
31            android:configChanges="orientation|screenSize"
31-->src\main\AndroidManifest.xml:27:4-50
32            android:label="@string/app_name"
32-->src\main\AndroidManifest.xml:26:13-45
33            android:screenOrientation="fullSensor" >
33-->src\main\AndroidManifest.xml:28:4-42
34            <intent-filter>
34-->src\main\AndroidManifest.xml:29:4-32:20
35                <action android:name="android.intent.action.MAIN" />
35-->src\main\AndroidManifest.xml:30:5-57
35-->src\main\AndroidManifest.xml:30:13-54
36
37                <category android:name="android.intent.category.LAUNCHER" />
37-->src\main\AndroidManifest.xml:31:5-65
37-->src\main\AndroidManifest.xml:31:15-62
38            </intent-filter>
39        </activity>
40    </application>
41
42</manifest>